Arguments: 
  /Users/koishi/.volta/tools/image/node/12.19.0/bin/node /Users/koishi/.volta/tools/image/yarn/1.22.10/bin/yarn.js

PATH: 
  /Users/koishi/.volta/tools/image/yarn/1.22.10/bin:/Users/koishi/.volta/tools/image/node/12.19.0/bin:/Users/koishi/.volta/bin:/Users/koishi/.yarn/bin:/Users/koishi/bin:/usr/local/bin:/Users/koishi/.volta/bin:/Users/koishi/.Pokemon-Terminal:/usr/local/bin:/usr/local/sbin:/usr/bin:/bin:/usr/sbin:/sbin:/Users/koishi/.rvm/bin:/Users/koishi/Library/Android/sdk/tools:/Users/koishi/Library/Android/sdk/tools/bin:/Users/koishi/Library/Android/sdk/platform-tools:/Users/koishi/go/bin

Yarn version: 
  1.22.10

Node version: 
  12.19.0

Platform: 
  darwin x64

Trace: 
  Error: Client network socket disconnected before secure TLS connection was established
      at connResetException (internal/errors.js:609:14)
      at TLSSocket.onConnectEnd (_tls_wrap.js:1547:19)
      at Object.onceWrapper (events.js:420:28)
      at TLSSocket.emit (events.js:326:22)
      at endReadableNT (_stream_readable.js:1223:12)
      at processTicksAndRejections (internal/process/task_queues.js:84:21)

npm manifest: 
  {
    "name": "@iotexproject/swap-sdk",
    "license": "MIT",
    "version": "1.0.1",
    "description": "🛠 An SDK for building applications on top of pancakeswap.",
    "main": "dist/index.js",
    "typings": "dist/index.d.ts",
    "files": [
      "dist"
    ],
    "repository": "https://github.com/pancakeswap/pancakeswap-sdk.git",
    "keywords": [
      "pancakeswap",
      "ethereum"
    ],
    "module": "dist/sdk.esm.js",
    "scripts": {
      "lint": "tsdx lint src test",
      "lint:fix": "tsdx lint src test --fix",
      "build": "tsdx build",
      "start": "tsdx watch",
      "test": "tsdx test",
      "prepublishOnly": "tsdx build"
    },
    "dependencies": {
      "@pancakeswap-libs/pancake-swap-core": "^0.1.0",
      "big.js": "^5.2.2",
      "decimal.js-light": "^2.5.0",
      "jsbi": "^3.1.1",
      "tiny-invariant": "^1.1.0",
      "tiny-warning": "^1.0.3",
      "toformat": "^2.0.0"
    },
    "peerDependencies": {
      "@ethersproject/address": "^5.0.0-beta",
      "@ethersproject/contracts": "^5.0.0-beta",
      "@ethersproject/networks": "^5.0.0-beta",
      "@ethersproject/providers": "^5.0.0-beta",
      "@ethersproject/solidity": "^5.0.0-beta"
    },
    "devDependencies": {
      "@ethersproject/address": "^5.0.2",
      "@ethersproject/contracts": "^5.0.2",
      "@ethersproject/networks": "^5.0.2",
      "@ethersproject/providers": "^5.0.5",
      "@ethersproject/solidity": "^5.0.2",
      "@types/big.js": "^4.0.5",
      "@types/jest": "^24.0.25",
      "babel-plugin-transform-jsbi-to-bigint": "^1.3.1",
      "tsdx": "^0.12.3"
    },
    "engines": {
      "node": ">=10"
    },
    "prettier": {
      "printWidth": 120,
      "semi": false,
      "singleQuote": true
    }
  }

yarn manifest: 
  No manifest

Lockfile: 
  No lockfile
